The system is: Darwin - 19.6.0 - x86_64
Compiling the C compiler identification source file "CMakeCCompilerId.c" succeeded.
Compiler: /usr/local/bin/x86_64-apple-darwin19-gcc-11.2.0 
Build flags: 
Id flags:  

The output was:
0


Compilation of the C compiler identification source "CMakeCCompilerId.c" produced "a.out"

The C compiler identification is GNU, found in "/Users/tomzhang/exercises/DSA/dsacpp-src/src/vector/build/CMakeFiles/3.8.0/CompilerIdC/a.out"

Compiling the CXX compiler identification source file "CMakeCXXCompilerId.cpp" succeeded.
Compiler: /Applications/Xcode.app/Contents/Developer/Toolchains/XcodeDefault.xctoolchain/usr/bin/c++ 
Build flags: 
Id flags:  

The output was:
0


Compilation of the CXX compiler identification source "CMakeCXXCompilerId.cpp" produced "a.out"

The CXX compiler identification is AppleClang, found in "/Users/tomzhang/exercises/DSA/dsacpp-src/src/vector/build/CMakeFiles/3.8.0/CompilerIdCXX/a.out"

Determining if the C compiler works passed with the following output:
Change Dir: /Users/tomzhang/exercises/DSA/dsacpp-src/src/vector/build/CMakeFiles/CMakeTmp

Run Build Command:"/usr/bin/make" "cmTC_66f38/fast"
/Applications/Xcode.app/Contents/Developer/usr/bin/make -f CMakeFiles/cmTC_66f38.dir/build.make CMakeFiles/cmTC_66f38.dir/build
Building C object CMakeFiles/cmTC_66f38.dir/testCCompiler.c.o
/usr/local/bin/x86_64-apple-darwin19-gcc-11.2.0   -isysroot /Applications/Xcode.app/Contents/Developer/Platforms/MacOSX.platform/Developer/SDKs/MacOSX10.15.sdk   -o CMakeFiles/cmTC_66f38.dir/testCCompiler.c.o   -c /Users/tomzhang/exercises/DSA/dsacpp-src/src/vector/build/CMakeFiles/CMakeTmp/testCCompiler.c
Linking C executable cmTC_66f38
/usr/local/Cellar/cmake/3.8.0/bin/cmake -E cmake_link_script CMakeFiles/cmTC_66f38.dir/link.txt --verbose=1
/usr/local/bin/x86_64-apple-darwin19-gcc-11.2.0   -isysroot /Applications/Xcode.app/Contents/Developer/Platforms/MacOSX.platform/Developer/SDKs/MacOSX10.15.sdk -Wl,-search_paths_first -Wl,-headerpad_max_install_names   CMakeFiles/cmTC_66f38.dir/testCCompiler.c.o  -o cmTC_66f38 


Detecting C compiler ABI info compiled with the following output:
Change Dir: /Users/tomzhang/exercises/DSA/dsacpp-src/src/vector/build/CMakeFiles/CMakeTmp

Run Build Command:"/usr/bin/make" "cmTC_c0a86/fast"
/Applications/Xcode.app/Contents/Developer/usr/bin/make -f CMakeFiles/cmTC_c0a86.dir/build.make CMakeFiles/cmTC_c0a86.dir/build
Building C object CMakeFiles/cmTC_c0a86.dir/CMakeCCompilerABI.c.o
/usr/local/bin/x86_64-apple-darwin19-gcc-11.2.0   -isysroot /Applications/Xcode.app/Contents/Developer/Platforms/MacOSX.platform/Developer/SDKs/MacOSX10.15.sdk   -o CMakeFiles/cmTC_c0a86.dir/CMakeCCompilerABI.c.o   -c /usr/local/Cellar/cmake/3.8.0/share/cmake/Modules/CMakeCCompilerABI.c
Linking C executable cmTC_c0a86
/usr/local/Cellar/cmake/3.8.0/bin/cmake -E cmake_link_script CMakeFiles/cmTC_c0a86.dir/link.txt --verbose=1
/usr/local/bin/x86_64-apple-darwin19-gcc-11.2.0   -isysroot /Applications/Xcode.app/Contents/Developer/Platforms/MacOSX.platform/Developer/SDKs/MacOSX10.15.sdk -Wl,-search_paths_first -Wl,-headerpad_max_install_names  -v -Wl,-v CMakeFiles/cmTC_c0a86.dir/CMakeCCompilerABI.c.o  -o cmTC_c0a86 
Using built-in specs.
COLLECT_GCC=/usr/local/bin/x86_64-apple-darwin19-gcc-11.2.0
COLLECT_LTO_WRAPPER=/usr/local/Cellar/gcc/11.2.0/libexec/gcc/x86_64-apple-darwin19/11.2.0/lto-wrapper
Target: x86_64-apple-darwin19
Configured with: ../configure --prefix=/usr/local/Cellar/gcc/11.2.0 --libdir=/usr/local/Cellar/gcc/11.2.0/lib/gcc/11 --disable-nls --enable-checking=release --enable-languages=c,c++,objc,obj-c++,fortran,d --program-suffix=-11 --with-gmp=/usr/local/opt/gmp --with-mpfr=/usr/local/opt/mpfr --with-mpc=/usr/local/opt/libmpc --with-isl=/usr/local/opt/isl --with-zstd=/usr/local/opt/zstd --with-pkgversion='Homebrew GCC 11.2.0' --with-bugurl=https://github.com/Homebrew/homebrew-core/issues --enable-libphobos --build=x86_64-apple-darwin19 --with-system-zlib --disable-multilib --with-native-system-header-dir=/usr/include --with-sysroot=/Library/Developer/CommandLineTools/SDKs/MacOSX10.15.sdk
Thread model: posix
Supported LTO compression algorithms: zlib zstd
gcc version 11.2.0 (Homebrew GCC 11.2.0) 
COMPILER_PATH=/usr/local/Cellar/gcc/11.2.0/libexec/gcc/x86_64-apple-darwin19/11.2.0/:/usr/local/Cellar/gcc/11.2.0/libexec/gcc/x86_64-apple-darwin19/11.2.0/:/usr/local/Cellar/gcc/11.2.0/libexec/gcc/x86_64-apple-darwin19/:/usr/local/Cellar/gcc/11.2.0/lib/gcc/11/gcc/x86_64-apple-darwin19/11.2.0/:/usr/local/Cellar/gcc/11.2.0/lib/gcc/11/gcc/x86_64-apple-darwin19/
LIBRARY_PATH=/usr/local/Cellar/gcc/11.2.0/lib/gcc/11/gcc/x86_64-apple-darwin19/11.2.0/:/usr/local/Cellar/gcc/11.2.0/lib/gcc/11/gcc/x86_64-apple-darwin19/11.2.0/../../../
COLLECT_GCC_OPTIONS='-isysroot' '/Applications/Xcode.app/Contents/Developer/Platforms/MacOSX.platform/Developer/SDKs/MacOSX10.15.sdk' '-v' '-o' 'cmTC_c0a86' '-mmacosx-version-min=10.15.0' '-asm_macosx_version_min=10.15' '-mtune=core2' '-dumpdir' 'cmTC_c0a86.'
 /usr/local/Cellar/gcc/11.2.0/libexec/gcc/x86_64-apple-darwin19/11.2.0/collect2 -dynamic -arch x86_64 -macosx_version_min 10.15.0 -syslibroot /Applications/Xcode.app/Contents/Developer/Platforms/MacOSX.platform/Developer/SDKs/MacOSX10.15.sdk -weak_reference_mismatches non-weak -o cmTC_c0a86 -L/usr/local/Cellar/gcc/11.2.0/lib/gcc/11/gcc/x86_64-apple-darwin19/11.2.0 -L/usr/local/Cellar/gcc/11.2.0/lib/gcc/11/gcc/x86_64-apple-darwin19/11.2.0/../../.. -search_paths_first -headerpad_max_install_names -v CMakeFiles/cmTC_c0a86.dir/CMakeCCompilerABI.c.o -lSystem -lgcc_ext.10.5 -lgcc -lSystem -no_compact_unwind -v
collect2 version 11.2.0
/usr/bin/ld -dynamic -arch x86_64 -macosx_version_min 10.15.0 -syslibroot /Applications/Xcode.app/Contents/Developer/Platforms/MacOSX.platform/Developer/SDKs/MacOSX10.15.sdk -weak_reference_mismatches non-weak -o cmTC_c0a86 -L/usr/local/Cellar/gcc/11.2.0/lib/gcc/11/gcc/x86_64-apple-darwin19/11.2.0 -L/usr/local/Cellar/gcc/11.2.0/lib/gcc/11/gcc/x86_64-apple-darwin19/11.2.0/../../.. -search_paths_first -headerpad_max_install_names -v CMakeFiles/cmTC_c0a86.dir/CMakeCCompilerABI.c.o -lSystem -lgcc_ext.10.5 -lgcc -lSystem -no_compact_unwind -v
@(#)PROGRAM:ld  PROJECT:ld64-556.6
BUILD 20:21:07 Aug  6 2020
configured to support archs: armv6 armv7 armv7s arm64 arm64e arm64_32 i386 x86_64 x86_64h armv6m armv7k armv7m armv7em
@(#)PROGRAM:ld  PROJECT:ld64-556.6
BUILD 20:21:07 Aug  6 2020
configured to support archs: armv6 armv7 armv7s arm64 arm64e arm64_32 i386 x86_64 x86_64h armv6m armv7k armv7m armv7em
Library search paths:
	/usr/local/Cellar/gcc/11.2.0/lib/gcc/11/gcc/x86_64-apple-darwin19/11.2.0
	/usr/local/Cellar/gcc/11.2.0/lib/gcc/11
	/Applications/Xcode.app/Contents/Developer/Platforms/MacOSX.platform/Developer/SDKs/MacOSX10.15.sdk/usr/lib
Framework search paths:
	/Applications/Xcode.app/Contents/Developer/Platforms/MacOSX.platform/Developer/SDKs/MacOSX10.15.sdk/System/Library/Frameworks/


Parsed C implicit link information from above output:
  link line regex: [^( *|.*[/\])(ld|([^/\]+-)?ld|collect2)[^/\]*( |$)]
  ignore line: [Change Dir: /Users/tomzhang/exercises/DSA/dsacpp-src/src/vector/build/CMakeFiles/CMakeTmp]
  ignore line: []
  ignore line: [Run Build Command:"/usr/bin/make" "cmTC_c0a86/fast"]
  ignore line: [/Applications/Xcode.app/Contents/Developer/usr/bin/make -f CMakeFiles/cmTC_c0a86.dir/build.make CMakeFiles/cmTC_c0a86.dir/build]
  ignore line: [Building C object CMakeFiles/cmTC_c0a86.dir/CMakeCCompilerABI.c.o]
  ignore line: [/usr/local/bin/x86_64-apple-darwin19-gcc-11.2.0   -isysroot /Applications/Xcode.app/Contents/Developer/Platforms/MacOSX.platform/Developer/SDKs/MacOSX10.15.sdk   -o CMakeFiles/cmTC_c0a86.dir/CMakeCCompilerABI.c.o   -c /usr/local/Cellar/cmake/3.8.0/share/cmake/Modules/CMakeCCompilerABI.c]
  ignore line: [Linking C executable cmTC_c0a86]
  ignore line: [/usr/local/Cellar/cmake/3.8.0/bin/cmake -E cmake_link_script CMakeFiles/cmTC_c0a86.dir/link.txt --verbose=1]
  ignore line: [/usr/local/bin/x86_64-apple-darwin19-gcc-11.2.0   -isysroot /Applications/Xcode.app/Contents/Developer/Platforms/MacOSX.platform/Developer/SDKs/MacOSX10.15.sdk -Wl,-search_paths_first -Wl,-headerpad_max_install_names  -v -Wl,-v CMakeFiles/cmTC_c0a86.dir/CMakeCCompilerABI.c.o  -o cmTC_c0a86 ]
  ignore line: [Using built-in specs.]
  ignore line: [COLLECT_GCC=/usr/local/bin/x86_64-apple-darwin19-gcc-11.2.0]
  ignore line: [COLLECT_LTO_WRAPPER=/usr/local/Cellar/gcc/11.2.0/libexec/gcc/x86_64-apple-darwin19/11.2.0/lto-wrapper]
  ignore line: [Target: x86_64-apple-darwin19]
  ignore line: [Configured with: ../configure --prefix=/usr/local/Cellar/gcc/11.2.0 --libdir=/usr/local/Cellar/gcc/11.2.0/lib/gcc/11 --disable-nls --enable-checking=release --enable-languages=c,c++,objc,obj-c++,fortran,d --program-suffix=-11 --with-gmp=/usr/local/opt/gmp --with-mpfr=/usr/local/opt/mpfr --with-mpc=/usr/local/opt/libmpc --with-isl=/usr/local/opt/isl --with-zstd=/usr/local/opt/zstd --with-pkgversion='Homebrew GCC 11.2.0' --with-bugurl=https://github.com/Homebrew/homebrew-core/issues --enable-libphobos --build=x86_64-apple-darwin19 --with-system-zlib --disable-multilib --with-native-system-header-dir=/usr/include --with-sysroot=/Library/Developer/CommandLineTools/SDKs/MacOSX10.15.sdk]
  ignore line: [Thread model: posix]
  ignore line: [Supported LTO compression algorithms: zlib zstd]
  ignore line: [gcc version 11.2.0 (Homebrew GCC 11.2.0) ]
  ignore line: [COMPILER_PATH=/usr/local/Cellar/gcc/11.2.0/libexec/gcc/x86_64-apple-darwin19/11.2.0/:/usr/local/Cellar/gcc/11.2.0/libexec/gcc/x86_64-apple-darwin19/11.2.0/:/usr/local/Cellar/gcc/11.2.0/libexec/gcc/x86_64-apple-darwin19/:/usr/local/Cellar/gcc/11.2.0/lib/gcc/11/gcc/x86_64-apple-darwin19/11.2.0/:/usr/local/Cellar/gcc/11.2.0/lib/gcc/11/gcc/x86_64-apple-darwin19/]
  ignore line: [LIBRARY_PATH=/usr/local/Cellar/gcc/11.2.0/lib/gcc/11/gcc/x86_64-apple-darwin19/11.2.0/:/usr/local/Cellar/gcc/11.2.0/lib/gcc/11/gcc/x86_64-apple-darwin19/11.2.0/../../../]
  ignore line: [COLLECT_GCC_OPTIONS='-isysroot' '/Applications/Xcode.app/Contents/Developer/Platforms/MacOSX.platform/Developer/SDKs/MacOSX10.15.sdk' '-v' '-o' 'cmTC_c0a86' '-mmacosx-version-min=10.15.0' '-asm_macosx_version_min=10.15' '-mtune=core2' '-dumpdir' 'cmTC_c0a86.']
  link line: [ /usr/local/Cellar/gcc/11.2.0/libexec/gcc/x86_64-apple-darwin19/11.2.0/collect2 -dynamic -arch x86_64 -macosx_version_min 10.15.0 -syslibroot /Applications/Xcode.app/Contents/Developer/Platforms/MacOSX.platform/Developer/SDKs/MacOSX10.15.sdk -weak_reference_mismatches non-weak -o cmTC_c0a86 -L/usr/local/Cellar/gcc/11.2.0/lib/gcc/11/gcc/x86_64-apple-darwin19/11.2.0 -L/usr/local/Cellar/gcc/11.2.0/lib/gcc/11/gcc/x86_64-apple-darwin19/11.2.0/../../.. -search_paths_first -headerpad_max_install_names -v CMakeFiles/cmTC_c0a86.dir/CMakeCCompilerABI.c.o -lSystem -lgcc_ext.10.5 -lgcc -lSystem -no_compact_unwind -v]
    arg [/usr/local/Cellar/gcc/11.2.0/libexec/gcc/x86_64-apple-darwin19/11.2.0/collect2] ==> ignore
    arg [-dynamic] ==> ignore
    arg [-arch] ==> ignore
    arg [x86_64] ==> ignore
    arg [-macosx_version_min] ==> ignore
    arg [10.15.0] ==> ignore
    arg [-syslibroot] ==> ignore
    arg [/Applications/Xcode.app/Contents/Developer/Platforms/MacOSX.platform/Developer/SDKs/MacOSX10.15.sdk] ==> ignore
    arg [-weak_reference_mismatches] ==> ignore
    arg [non-weak] ==> ignore
    arg [-o] ==> ignore
    arg [cmTC_c0a86] ==> ignore
    arg [-L/usr/local/Cellar/gcc/11.2.0/lib/gcc/11/gcc/x86_64-apple-darwin19/11.2.0] ==> dir [/usr/local/Cellar/gcc/11.2.0/lib/gcc/11/gcc/x86_64-apple-darwin19/11.2.0]
    arg [-L/usr/local/Cellar/gcc/11.2.0/lib/gcc/11/gcc/x86_64-apple-darwin19/11.2.0/../../..] ==> dir [/usr/local/Cellar/gcc/11.2.0/lib/gcc/11/gcc/x86_64-apple-darwin19/11.2.0/../../..]
    arg [-search_paths_first] ==> ignore
    arg [-headerpad_max_install_names] ==> ignore
    arg [-v] ==> ignore
    arg [CMakeFiles/cmTC_c0a86.dir/CMakeCCompilerABI.c.o] ==> ignore
    arg [-lSystem] ==> lib [System]
    arg [-lgcc_ext.10.5] ==> lib [gcc_ext.10.5]
    arg [-lgcc] ==> lib [gcc]
    arg [-lSystem] ==> lib [System]
    arg [-no_compact_unwind] ==> ignore
    arg [-v] ==> ignore
  Library search paths: [;/usr/local/Cellar/gcc/11.2.0/lib/gcc/11/gcc/x86_64-apple-darwin19/11.2.0;/usr/local/Cellar/gcc/11.2.0/lib/gcc/11;/Applications/Xcode.app/Contents/Developer/Platforms/MacOSX.platform/Developer/SDKs/MacOSX10.15.sdk/usr/lib]
  Framework search paths: [;/Applications/Xcode.app/Contents/Developer/Platforms/MacOSX.platform/Developer/SDKs/MacOSX10.15.sdk/System/Library/Frameworks/]
  remove lib [System]
  remove lib [gcc_ext.10.5]
  remove lib [gcc]
  remove lib [System]
  collapse library dir [/usr/local/Cellar/gcc/11.2.0/lib/gcc/11/gcc/x86_64-apple-darwin19/11.2.0] ==> [/usr/local/Cellar/gcc/11.2.0/lib/gcc/11/gcc/x86_64-apple-darwin19/11.2.0]
  collapse library dir [/usr/local/Cellar/gcc/11.2.0/lib/gcc/11/gcc/x86_64-apple-darwin19/11.2.0/../../..] ==> [/usr/local/Cellar/gcc/11.2.0/lib/gcc/11]
  collapse library dir [/usr/local/Cellar/gcc/11.2.0/lib/gcc/11/gcc/x86_64-apple-darwin19/11.2.0] ==> [/usr/local/Cellar/gcc/11.2.0/lib/gcc/11/gcc/x86_64-apple-darwin19/11.2.0]
  collapse library dir [/usr/local/Cellar/gcc/11.2.0/lib/gcc/11] ==> [/usr/local/Cellar/gcc/11.2.0/lib/gcc/11]
  collapse library dir [/Applications/Xcode.app/Contents/Developer/Platforms/MacOSX.platform/Developer/SDKs/MacOSX10.15.sdk/usr/lib] ==> [/Applications/Xcode.app/Contents/Developer/Platforms/MacOSX.platform/Developer/SDKs/MacOSX10.15.sdk/usr/lib]
  collapse framework dir [/Applications/Xcode.app/Contents/Developer/Platforms/MacOSX.platform/Developer/SDKs/MacOSX10.15.sdk/System/Library/Frameworks/] ==> [/Applications/Xcode.app/Contents/Developer/Platforms/MacOSX.platform/Developer/SDKs/MacOSX10.15.sdk/System/Library/Frameworks]
  implicit libs: []
  implicit dirs: [/usr/local/Cellar/gcc/11.2.0/lib/gcc/11/gcc/x86_64-apple-darwin19/11.2.0;/usr/local/Cellar/gcc/11.2.0/lib/gcc/11;/Applications/Xcode.app/Contents/Developer/Platforms/MacOSX.platform/Developer/SDKs/MacOSX10.15.sdk/usr/lib]
  implicit fwks: [/Applications/Xcode.app/Contents/Developer/Platforms/MacOSX.platform/Developer/SDKs/MacOSX10.15.sdk/System/Library/Frameworks]




Detecting C [-std=c11] compiler features compiled with the following output:
Change Dir: /Users/tomzhang/exercises/DSA/dsacpp-src/src/vector/build/CMakeFiles/CMakeTmp

Run Build Command:"/usr/bin/make" "cmTC_6a900/fast"
/Applications/Xcode.app/Contents/Developer/usr/bin/make -f CMakeFiles/cmTC_6a900.dir/build.make CMakeFiles/cmTC_6a900.dir/build
Building C object CMakeFiles/cmTC_6a900.dir/feature_tests.c.o
/usr/local/bin/x86_64-apple-darwin19-gcc-11.2.0   -isysroot /Applications/Xcode.app/Contents/Developer/Platforms/MacOSX.platform/Developer/SDKs/MacOSX10.15.sdk   -std=c11 -o CMakeFiles/cmTC_6a900.dir/feature_tests.c.o   -c /Users/tomzhang/exercises/DSA/dsacpp-src/src/vector/build/CMakeFiles/feature_tests.c
Linking C executable cmTC_6a900
/usr/local/Cellar/cmake/3.8.0/bin/cmake -E cmake_link_script CMakeFiles/cmTC_6a900.dir/link.txt --verbose=1
/usr/local/bin/x86_64-apple-darwin19-gcc-11.2.0   -isysroot /Applications/Xcode.app/Contents/Developer/Platforms/MacOSX.platform/Developer/SDKs/MacOSX10.15.sdk -Wl,-search_paths_first -Wl,-headerpad_max_install_names   CMakeFiles/cmTC_6a900.dir/feature_tests.c.o  -o cmTC_6a900 


    Feature record: C_FEATURE:1c_function_prototypes
    Feature record: C_FEATURE:1c_restrict
    Feature record: C_FEATURE:1c_static_assert
    Feature record: C_FEATURE:1c_variadic_macros


Detecting C [-std=c99] compiler features compiled with the following output:
Change Dir: /Users/tomzhang/exercises/DSA/dsacpp-src/src/vector/build/CMakeFiles/CMakeTmp

Run Build Command:"/usr/bin/make" "cmTC_5cc4e/fast"
/Applications/Xcode.app/Contents/Developer/usr/bin/make -f CMakeFiles/cmTC_5cc4e.dir/build.make CMakeFiles/cmTC_5cc4e.dir/build
Building C object CMakeFiles/cmTC_5cc4e.dir/feature_tests.c.o
/usr/local/bin/x86_64-apple-darwin19-gcc-11.2.0   -isysroot /Applications/Xcode.app/Contents/Developer/Platforms/MacOSX.platform/Developer/SDKs/MacOSX10.15.sdk   -std=c99 -o CMakeFiles/cmTC_5cc4e.dir/feature_tests.c.o   -c /Users/tomzhang/exercises/DSA/dsacpp-src/src/vector/build/CMakeFiles/feature_tests.c
Linking C executable cmTC_5cc4e
/usr/local/Cellar/cmake/3.8.0/bin/cmake -E cmake_link_script CMakeFiles/cmTC_5cc4e.dir/link.txt --verbose=1
/usr/local/bin/x86_64-apple-darwin19-gcc-11.2.0   -isysroot /Applications/Xcode.app/Contents/Developer/Platforms/MacOSX.platform/Developer/SDKs/MacOSX10.15.sdk -Wl,-search_paths_first -Wl,-headerpad_max_install_names   CMakeFiles/cmTC_5cc4e.dir/feature_tests.c.o  -o cmTC_5cc4e 


    Feature record: C_FEATURE:1c_function_prototypes
    Feature record: C_FEATURE:1c_restrict
    Feature record: C_FEATURE:0c_static_assert
    Feature record: C_FEATURE:1c_variadic_macros


Detecting C [-std=c90] compiler features compiled with the following output:
Change Dir: /Users/tomzhang/exercises/DSA/dsacpp-src/src/vector/build/CMakeFiles/CMakeTmp

Run Build Command:"/usr/bin/make" "cmTC_08885/fast"
/Applications/Xcode.app/Contents/Developer/usr/bin/make -f CMakeFiles/cmTC_08885.dir/build.make CMakeFiles/cmTC_08885.dir/build
Building C object CMakeFiles/cmTC_08885.dir/feature_tests.c.o
/usr/local/bin/x86_64-apple-darwin19-gcc-11.2.0   -isysroot /Applications/Xcode.app/Contents/Developer/Platforms/MacOSX.platform/Developer/SDKs/MacOSX10.15.sdk   -std=c90 -o CMakeFiles/cmTC_08885.dir/feature_tests.c.o   -c /Users/tomzhang/exercises/DSA/dsacpp-src/src/vector/build/CMakeFiles/feature_tests.c
Linking C executable cmTC_08885
/usr/local/Cellar/cmake/3.8.0/bin/cmake -E cmake_link_script CMakeFiles/cmTC_08885.dir/link.txt --verbose=1
/usr/local/bin/x86_64-apple-darwin19-gcc-11.2.0   -isysroot /Applications/Xcode.app/Contents/Developer/Platforms/MacOSX.platform/Developer/SDKs/MacOSX10.15.sdk -Wl,-search_paths_first -Wl,-headerpad_max_install_names   CMakeFiles/cmTC_08885.dir/feature_tests.c.o  -o cmTC_08885 


    Feature record: C_FEATURE:1c_function_prototypes
    Feature record: C_FEATURE:0c_restrict
    Feature record: C_FEATURE:0c_static_assert
    Feature record: C_FEATURE:0c_variadic_macros
Determining if the CXX compiler works passed with the following output:
Change Dir: /Users/tomzhang/exercises/DSA/dsacpp-src/src/vector/build/CMakeFiles/CMakeTmp

Run Build Command:"/usr/bin/make" "cmTC_740cd/fast"
/Applications/Xcode.app/Contents/Developer/usr/bin/make -f CMakeFiles/cmTC_740cd.dir/build.make CMakeFiles/cmTC_740cd.dir/build
Building CXX object CMakeFiles/cmTC_740cd.dir/testCXXCompiler.cxx.o
/Applications/Xcode.app/Contents/Developer/Toolchains/XcodeDefault.xctoolchain/usr/bin/c++    -isysroot /Applications/Xcode.app/Contents/Developer/Platforms/MacOSX.platform/Developer/SDKs/MacOSX10.15.sdk   -o CMakeFiles/cmTC_740cd.dir/testCXXCompiler.cxx.o -c /Users/tomzhang/exercises/DSA/dsacpp-src/src/vector/build/CMakeFiles/CMakeTmp/testCXXCompiler.cxx
Linking CXX executable cmTC_740cd
/usr/local/Cellar/cmake/3.8.0/bin/cmake -E cmake_link_script CMakeFiles/cmTC_740cd.dir/link.txt --verbose=1
/Applications/Xcode.app/Contents/Developer/Toolchains/XcodeDefault.xctoolchain/usr/bin/c++    -isysroot /Applications/Xcode.app/Contents/Developer/Platforms/MacOSX.platform/Developer/SDKs/MacOSX10.15.sdk -Wl,-search_paths_first -Wl,-headerpad_max_install_names   CMakeFiles/cmTC_740cd.dir/testCXXCompiler.cxx.o  -o cmTC_740cd 


Detecting CXX compiler ABI info compiled with the following output:
Change Dir: /Users/tomzhang/exercises/DSA/dsacpp-src/src/vector/build/CMakeFiles/CMakeTmp

Run Build Command:"/usr/bin/make" "cmTC_44bca/fast"
/Applications/Xcode.app/Contents/Developer/usr/bin/make -f CMakeFiles/cmTC_44bca.dir/build.make CMakeFiles/cmTC_44bca.dir/build
Building CXX object CMakeFiles/cmTC_44bca.dir/CMakeCXXCompilerABI.cpp.o
/Applications/Xcode.app/Contents/Developer/Toolchains/XcodeDefault.xctoolchain/usr/bin/c++    -isysroot /Applications/Xcode.app/Contents/Developer/Platforms/MacOSX.platform/Developer/SDKs/MacOSX10.15.sdk   -o CMakeFiles/cmTC_44bca.dir/CMakeCXXCompilerABI.cpp.o -c /usr/local/Cellar/cmake/3.8.0/share/cmake/Modules/CMakeCXXCompilerABI.cpp
Linking CXX executable cmTC_44bca
/usr/local/Cellar/cmake/3.8.0/bin/cmake -E cmake_link_script CMakeFiles/cmTC_44bca.dir/link.txt --verbose=1
/Applications/Xcode.app/Contents/Developer/Toolchains/XcodeDefault.xctoolchain/usr/bin/c++    -isysroot /Applications/Xcode.app/Contents/Developer/Platforms/MacOSX.platform/Developer/SDKs/MacOSX10.15.sdk -Wl,-search_paths_first -Wl,-headerpad_max_install_names  -v -Wl,-v CMakeFiles/cmTC_44bca.dir/CMakeCXXCompilerABI.cpp.o  -o cmTC_44bca 
Apple clang version 11.0.3 (clang-1103.0.32.62)
Target: x86_64-apple-darwin19.6.0
Thread model: posix
InstalledDir: /Applications/Xcode.app/Contents/Developer/Toolchains/XcodeDefault.xctoolchain/usr/bin
 "/Applications/Xcode.app/Contents/Developer/Toolchains/XcodeDefault.xctoolchain/usr/bin/ld" -demangle -lto_library /Applications/Xcode.app/Contents/Developer/Toolchains/XcodeDefault.xctoolchain/usr/lib/libLTO.dylib -dynamic -arch x86_64 -platform_version macos 10.15.0 10.15.6 -syslibroot /Applications/Xcode.app/Contents/Developer/Platforms/MacOSX.platform/Developer/SDKs/MacOSX10.15.sdk -o cmTC_44bca -search_paths_first -headerpad_max_install_names -v CMakeFiles/cmTC_44bca.dir/CMakeCXXCompilerABI.cpp.o -lc++ -lSystem /Applications/Xcode.app/Contents/Developer/Toolchains/XcodeDefault.xctoolchain/usr/lib/clang/11.0.3/lib/darwin/libclang_rt.osx.a
@(#)PROGRAM:ld  PROJECT:ld64-556.6
BUILD 20:21:07 Aug  6 2020
configured to support archs: armv6 armv7 armv7s arm64 arm64e arm64_32 i386 x86_64 x86_64h armv6m armv7k armv7m armv7em
Library search paths:
	/Applications/Xcode.app/Contents/Developer/Platforms/MacOSX.platform/Developer/SDKs/MacOSX10.15.sdk/usr/lib
Framework search paths:
	/Applications/Xcode.app/Contents/Developer/Platforms/MacOSX.platform/Developer/SDKs/MacOSX10.15.sdk/System/Library/Frameworks/


Parsed CXX implicit link information from above output:
  link line regex: [^( *|.*[/\])(ld|([^/\]+-)?ld|collect2)[^/\]*( |$)]
  ignore line: [Change Dir: /Users/tomzhang/exercises/DSA/dsacpp-src/src/vector/build/CMakeFiles/CMakeTmp]
  ignore line: []
  ignore line: [Run Build Command:"/usr/bin/make" "cmTC_44bca/fast"]
  ignore line: [/Applications/Xcode.app/Contents/Developer/usr/bin/make -f CMakeFiles/cmTC_44bca.dir/build.make CMakeFiles/cmTC_44bca.dir/build]
  ignore line: [Building CXX object CMakeFiles/cmTC_44bca.dir/CMakeCXXCompilerABI.cpp.o]
  ignore line: [/Applications/Xcode.app/Contents/Developer/Toolchains/XcodeDefault.xctoolchain/usr/bin/c++    -isysroot /Applications/Xcode.app/Contents/Developer/Platforms/MacOSX.platform/Developer/SDKs/MacOSX10.15.sdk   -o CMakeFiles/cmTC_44bca.dir/CMakeCXXCompilerABI.cpp.o -c /usr/local/Cellar/cmake/3.8.0/share/cmake/Modules/CMakeCXXCompilerABI.cpp]
  ignore line: [Linking CXX executable cmTC_44bca]
  ignore line: [/usr/local/Cellar/cmake/3.8.0/bin/cmake -E cmake_link_script CMakeFiles/cmTC_44bca.dir/link.txt --verbose=1]
  ignore line: [/Applications/Xcode.app/Contents/Developer/Toolchains/XcodeDefault.xctoolchain/usr/bin/c++    -isysroot /Applications/Xcode.app/Contents/Developer/Platforms/MacOSX.platform/Developer/SDKs/MacOSX10.15.sdk -Wl,-search_paths_first -Wl,-headerpad_max_install_names  -v -Wl,-v CMakeFiles/cmTC_44bca.dir/CMakeCXXCompilerABI.cpp.o  -o cmTC_44bca ]
  ignore line: [Apple clang version 11.0.3 (clang-1103.0.32.62)]
  ignore line: [Target: x86_64-apple-darwin19.6.0]
  ignore line: [Thread model: posix]
  ignore line: [InstalledDir: /Applications/Xcode.app/Contents/Developer/Toolchains/XcodeDefault.xctoolchain/usr/bin]
  link line: [ "/Applications/Xcode.app/Contents/Developer/Toolchains/XcodeDefault.xctoolchain/usr/bin/ld" -demangle -lto_library /Applications/Xcode.app/Contents/Developer/Toolchains/XcodeDefault.xctoolchain/usr/lib/libLTO.dylib -dynamic -arch x86_64 -platform_version macos 10.15.0 10.15.6 -syslibroot /Applications/Xcode.app/Contents/Developer/Platforms/MacOSX.platform/Developer/SDKs/MacOSX10.15.sdk -o cmTC_44bca -search_paths_first -headerpad_max_install_names -v CMakeFiles/cmTC_44bca.dir/CMakeCXXCompilerABI.cpp.o -lc++ -lSystem /Applications/Xcode.app/Contents/Developer/Toolchains/XcodeDefault.xctoolchain/usr/lib/clang/11.0.3/lib/darwin/libclang_rt.osx.a]
    arg [/Applications/Xcode.app/Contents/Developer/Toolchains/XcodeDefault.xctoolchain/usr/bin/ld] ==> ignore
    arg [-demangle] ==> ignore
    arg [-lto_library] ==> ignore, skip following value
    arg [/Applications/Xcode.app/Contents/Developer/Toolchains/XcodeDefault.xctoolchain/usr/lib/libLTO.dylib] ==> skip value of -lto_library
    arg [-dynamic] ==> ignore
    arg [-arch] ==> ignore
    arg [x86_64] ==> ignore
    arg [-platform_version] ==> ignore
    arg [macos] ==> ignore
    arg [10.15.0] ==> ignore
    arg [10.15.6] ==> ignore
    arg [-syslibroot] ==> ignore
    arg [/Applications/Xcode.app/Contents/Developer/Platforms/MacOSX.platform/Developer/SDKs/MacOSX10.15.sdk] ==> ignore
    arg [-o] ==> ignore
    arg [cmTC_44bca] ==> ignore
    arg [-search_paths_first] ==> ignore
    arg [-headerpad_max_install_names] ==> ignore
    arg [-v] ==> ignore
    arg [CMakeFiles/cmTC_44bca.dir/CMakeCXXCompilerABI.cpp.o] ==> ignore
    arg [-lc++] ==> lib [c++]
    arg [-lSystem] ==> lib [System]
    arg [/Applications/Xcode.app/Contents/Developer/Toolchains/XcodeDefault.xctoolchain/usr/lib/clang/11.0.3/lib/darwin/libclang_rt.osx.a] ==> lib [/Applications/Xcode.app/Contents/Developer/Toolchains/XcodeDefault.xctoolchain/usr/lib/clang/11.0.3/lib/darwin/libclang_rt.osx.a]
  Library search paths: [;/Applications/Xcode.app/Contents/Developer/Platforms/MacOSX.platform/Developer/SDKs/MacOSX10.15.sdk/usr/lib]
  Framework search paths: [;/Applications/Xcode.app/Contents/Developer/Platforms/MacOSX.platform/Developer/SDKs/MacOSX10.15.sdk/System/Library/Frameworks/]
  remove lib [System]
  remove lib [/Applications/Xcode.app/Contents/Developer/Toolchains/XcodeDefault.xctoolchain/usr/lib/clang/11.0.3/lib/darwin/libclang_rt.osx.a]
  collapse library dir [/Applications/Xcode.app/Contents/Developer/Platforms/MacOSX.platform/Developer/SDKs/MacOSX10.15.sdk/usr/lib] ==> [/Applications/Xcode.app/Contents/Developer/Platforms/MacOSX.platform/Developer/SDKs/MacOSX10.15.sdk/usr/lib]
  collapse framework dir [/Applications/Xcode.app/Contents/Developer/Platforms/MacOSX.platform/Developer/SDKs/MacOSX10.15.sdk/System/Library/Frameworks/] ==> [/Applications/Xcode.app/Contents/Developer/Platforms/MacOSX.platform/Developer/SDKs/MacOSX10.15.sdk/System/Library/Frameworks]
  implicit libs: [c++]
  implicit dirs: [/Applications/Xcode.app/Contents/Developer/Platforms/MacOSX.platform/Developer/SDKs/MacOSX10.15.sdk/usr/lib]
  implicit fwks: [/Applications/Xcode.app/Contents/Developer/Platforms/MacOSX.platform/Developer/SDKs/MacOSX10.15.sdk/System/Library/Frameworks]




Detecting CXX [-std=c++1z] compiler features compiled with the following output:
Change Dir: /Users/tomzhang/exercises/DSA/dsacpp-src/src/vector/build/CMakeFiles/CMakeTmp

Run Build Command:"/usr/bin/make" "cmTC_27b02/fast"
/Applications/Xcode.app/Contents/Developer/usr/bin/make -f CMakeFiles/cmTC_27b02.dir/build.make CMakeFiles/cmTC_27b02.dir/build
Building CXX object CMakeFiles/cmTC_27b02.dir/feature_tests.cxx.o
/Applications/Xcode.app/Contents/Developer/Toolchains/XcodeDefault.xctoolchain/usr/bin/c++    -isysroot /Applications/Xcode.app/Contents/Developer/Platforms/MacOSX.platform/Developer/SDKs/MacOSX10.15.sdk   -std=c++1z -o CMakeFiles/cmTC_27b02.dir/feature_tests.cxx.o -c /Users/tomzhang/exercises/DSA/dsacpp-src/src/vector/build/CMakeFiles/feature_tests.cxx
Linking CXX executable cmTC_27b02
/usr/local/Cellar/cmake/3.8.0/bin/cmake -E cmake_link_script CMakeFiles/cmTC_27b02.dir/link.txt --verbose=1
/Applications/Xcode.app/Contents/Developer/Toolchains/XcodeDefault.xctoolchain/usr/bin/c++    -isysroot /Applications/Xcode.app/Contents/Developer/Platforms/MacOSX.platform/Developer/SDKs/MacOSX10.15.sdk -Wl,-search_paths_first -Wl,-headerpad_max_install_names   CMakeFiles/cmTC_27b02.dir/feature_tests.cxx.o  -o cmTC_27b02 


    Feature record: CXX_FEATURE:1cxx_aggregate_default_initializers
    Feature record: CXX_FEATURE:1cxx_alias_templates
    Feature record: CXX_FEATURE:1cxx_alignas
    Feature record: CXX_FEATURE:1cxx_alignof
    Feature record: CXX_FEATURE:1cxx_attributes
    Feature record: CXX_FEATURE:1cxx_attribute_deprecated
    Feature record: CXX_FEATURE:1cxx_auto_type
    Feature record: CXX_FEATURE:1cxx_binary_literals
    Feature record: CXX_FEATURE:1cxx_constexpr
    Feature record: CXX_FEATURE:1cxx_contextual_conversions
    Feature record: CXX_FEATURE:1cxx_decltype
    Feature record: CXX_FEATURE:1cxx_decltype_auto
    Feature record: CXX_FEATURE:1cxx_decltype_incomplete_return_types
    Feature record: CXX_FEATURE:1cxx_default_function_template_args
    Feature record: CXX_FEATURE:1cxx_defaulted_functions
    Feature record: CXX_FEATURE:1cxx_defaulted_move_initializers
    Feature record: CXX_FEATURE:1cxx_delegating_constructors
    Feature record: CXX_FEATURE:1cxx_deleted_functions
    Feature record: CXX_FEATURE:1cxx_digit_separators
    Feature record: CXX_FEATURE:1cxx_enum_forward_declarations
    Feature record: CXX_FEATURE:1cxx_explicit_conversions
    Feature record: CXX_FEATURE:1cxx_extended_friend_declarations
    Feature record: CXX_FEATURE:1cxx_extern_templates
    Feature record: CXX_FEATURE:1cxx_final
    Feature record: CXX_FEATURE:1cxx_func_identifier
    Feature record: CXX_FEATURE:1cxx_generalized_initializers
    Feature record: CXX_FEATURE:1cxx_generic_lambdas
    Feature record: CXX_FEATURE:1cxx_inheriting_constructors
    Feature record: CXX_FEATURE:1cxx_inline_namespaces
    Feature record: CXX_FEATURE:1cxx_lambdas
    Feature record: CXX_FEATURE:1cxx_lambda_init_captures
    Feature record: CXX_FEATURE:1cxx_local_type_template_args
    Feature record: CXX_FEATURE:1cxx_long_long_type
    Feature record: CXX_FEATURE:1cxx_noexcept
    Feature record: CXX_FEATURE:1cxx_nonstatic_member_init
    Feature record: CXX_FEATURE:1cxx_nullptr
    Feature record: CXX_FEATURE:1cxx_override
    Feature record: CXX_FEATURE:1cxx_range_for
    Feature record: CXX_FEATURE:1cxx_raw_string_literals
    Feature record: CXX_FEATURE:1cxx_reference_qualified_functions
    Feature record: CXX_FEATURE:1cxx_relaxed_constexpr
    Feature record: CXX_FEATURE:1cxx_return_type_deduction
    Feature record: CXX_FEATURE:1cxx_right_angle_brackets
    Feature record: CXX_FEATURE:1cxx_rvalue_references
    Feature record: CXX_FEATURE:1cxx_sizeof_member
    Feature record: CXX_FEATURE:1cxx_static_assert
    Feature record: CXX_FEATURE:1cxx_strong_enums
    Feature record: CXX_FEATURE:1cxx_template_template_parameters
    Feature record: CXX_FEATURE:1cxx_thread_local
    Feature record: CXX_FEATURE:1cxx_trailing_return_types
    Feature record: CXX_FEATURE:1cxx_unicode_literals
    Feature record: CXX_FEATURE:1cxx_uniform_initialization
    Feature record: CXX_FEATURE:1cxx_unrestricted_unions
    Feature record: CXX_FEATURE:1cxx_user_literals
    Feature record: CXX_FEATURE:1cxx_variable_templates
    Feature record: CXX_FEATURE:1cxx_variadic_macros
    Feature record: CXX_FEATURE:1cxx_variadic_templates


Detecting CXX [-std=c++14] compiler features compiled with the following output:
Change Dir: /Users/tomzhang/exercises/DSA/dsacpp-src/src/vector/build/CMakeFiles/CMakeTmp

Run Build Command:"/usr/bin/make" "cmTC_9dbe7/fast"
/Applications/Xcode.app/Contents/Developer/usr/bin/make -f CMakeFiles/cmTC_9dbe7.dir/build.make CMakeFiles/cmTC_9dbe7.dir/build
Building CXX object CMakeFiles/cmTC_9dbe7.dir/feature_tests.cxx.o
/Applications/Xcode.app/Contents/Developer/Toolchains/XcodeDefault.xctoolchain/usr/bin/c++    -isysroot /Applications/Xcode.app/Contents/Developer/Platforms/MacOSX.platform/Developer/SDKs/MacOSX10.15.sdk   -std=c++14 -o CMakeFiles/cmTC_9dbe7.dir/feature_tests.cxx.o -c /Users/tomzhang/exercises/DSA/dsacpp-src/src/vector/build/CMakeFiles/feature_tests.cxx
Linking CXX executable cmTC_9dbe7
/usr/local/Cellar/cmake/3.8.0/bin/cmake -E cmake_link_script CMakeFiles/cmTC_9dbe7.dir/link.txt --verbose=1
/Applications/Xcode.app/Contents/Developer/Toolchains/XcodeDefault.xctoolchain/usr/bin/c++    -isysroot /Applications/Xcode.app/Contents/Developer/Platforms/MacOSX.platform/Developer/SDKs/MacOSX10.15.sdk -Wl,-search_paths_first -Wl,-headerpad_max_install_names   CMakeFiles/cmTC_9dbe7.dir/feature_tests.cxx.o  -o cmTC_9dbe7 


    Feature record: CXX_FEATURE:1cxx_aggregate_default_initializers
    Feature record: CXX_FEATURE:1cxx_alias_templates
    Feature record: CXX_FEATURE:1cxx_alignas
    Feature record: CXX_FEATURE:1cxx_alignof
    Feature record: CXX_FEATURE:1cxx_attributes
    Feature record: CXX_FEATURE:1cxx_attribute_deprecated
    Feature record: CXX_FEATURE:1cxx_auto_type
    Feature record: CXX_FEATURE:1cxx_binary_literals
    Feature record: CXX_FEATURE:1cxx_constexpr
    Feature record: CXX_FEATURE:1cxx_contextual_conversions
    Feature record: CXX_FEATURE:1cxx_decltype
    Feature record: CXX_FEATURE:1cxx_decltype_auto
    Feature record: CXX_FEATURE:1cxx_decltype_incomplete_return_types
    Feature record: CXX_FEATURE:1cxx_default_function_template_args
    Feature record: CXX_FEATURE:1cxx_defaulted_functions
    Feature record: CXX_FEATURE:1cxx_defaulted_move_initializers
    Feature record: CXX_FEATURE:1cxx_delegating_constructors
    Feature record: CXX_FEATURE:1cxx_deleted_functions
    Feature record: CXX_FEATURE:1cxx_digit_separators
    Feature record: CXX_FEATURE:1cxx_enum_forward_declarations
    Feature record: CXX_FEATURE:1cxx_explicit_conversions
    Feature record: CXX_FEATURE:1cxx_extended_friend_declarations
    Feature record: CXX_FEATURE:1cxx_extern_templates
    Feature record: CXX_FEATURE:1cxx_final
    Feature record: CXX_FEATURE:1cxx_func_identifier
    Feature record: CXX_FEATURE:1cxx_generalized_initializers
    Feature record: CXX_FEATURE:1cxx_generic_lambdas
    Feature record: CXX_FEATURE:1cxx_inheriting_constructors
    Feature record: CXX_FEATURE:1cxx_inline_namespaces
    Feature record: CXX_FEATURE:1cxx_lambdas
    Feature record: CXX_FEATURE:1cxx_lambda_init_captures
    Feature record: CXX_FEATURE:1cxx_local_type_template_args
    Feature record: CXX_FEATURE:1cxx_long_long_type
    Feature record: CXX_FEATURE:1cxx_noexcept
    Feature record: CXX_FEATURE:1cxx_nonstatic_member_init
    Feature record: CXX_FEATURE:1cxx_nullptr
    Feature record: CXX_FEATURE:1cxx_override
    Feature record: CXX_FEATURE:1cxx_range_for
    Feature record: CXX_FEATURE:1cxx_raw_string_literals
    Feature record: CXX_FEATURE:1cxx_reference_qualified_functions
    Feature record: CXX_FEATURE:1cxx_relaxed_constexpr
    Feature record: CXX_FEATURE:1cxx_return_type_deduction
    Feature record: CXX_FEATURE:1cxx_right_angle_brackets
    Feature record: CXX_FEATURE:1cxx_rvalue_references
    Feature record: CXX_FEATURE:1cxx_sizeof_member
    Feature record: CXX_FEATURE:1cxx_static_assert
    Feature record: CXX_FEATURE:1cxx_strong_enums
    Feature record: CXX_FEATURE:1cxx_template_template_parameters
    Feature record: CXX_FEATURE:1cxx_thread_local
    Feature record: CXX_FEATURE:1cxx_trailing_return_types
    Feature record: CXX_FEATURE:1cxx_unicode_literals
    Feature record: CXX_FEATURE:1cxx_uniform_initialization
    Feature record: CXX_FEATURE:1cxx_unrestricted_unions
    Feature record: CXX_FEATURE:1cxx_user_literals
    Feature record: CXX_FEATURE:1cxx_variable_templates
    Feature record: CXX_FEATURE:1cxx_variadic_macros
    Feature record: CXX_FEATURE:1cxx_variadic_templates


Detecting CXX [-std=c++11] compiler features compiled with the following output:
Change Dir: /Users/tomzhang/exercises/DSA/dsacpp-src/src/vector/build/CMakeFiles/CMakeTmp

Run Build Command:"/usr/bin/make" "cmTC_ab3e6/fast"
/Applications/Xcode.app/Contents/Developer/usr/bin/make -f CMakeFiles/cmTC_ab3e6.dir/build.make CMakeFiles/cmTC_ab3e6.dir/build
Building CXX object CMakeFiles/cmTC_ab3e6.dir/feature_tests.cxx.o
/Applications/Xcode.app/Contents/Developer/Toolchains/XcodeDefault.xctoolchain/usr/bin/c++    -isysroot /Applications/Xcode.app/Contents/Developer/Platforms/MacOSX.platform/Developer/SDKs/MacOSX10.15.sdk   -std=c++11 -o CMakeFiles/cmTC_ab3e6.dir/feature_tests.cxx.o -c /Users/tomzhang/exercises/DSA/dsacpp-src/src/vector/build/CMakeFiles/feature_tests.cxx
Linking CXX executable cmTC_ab3e6
/usr/local/Cellar/cmake/3.8.0/bin/cmake -E cmake_link_script CMakeFiles/cmTC_ab3e6.dir/link.txt --verbose=1
/Applications/Xcode.app/Contents/Developer/Toolchains/XcodeDefault.xctoolchain/usr/bin/c++    -isysroot /Applications/Xcode.app/Contents/Developer/Platforms/MacOSX.platform/Developer/SDKs/MacOSX10.15.sdk -Wl,-search_paths_first -Wl,-headerpad_max_install_names   CMakeFiles/cmTC_ab3e6.dir/feature_tests.cxx.o  -o cmTC_ab3e6 


    Feature record: CXX_FEATURE:0cxx_aggregate_default_initializers
    Feature record: CXX_FEATURE:1cxx_alias_templates
    Feature record: CXX_FEATURE:1cxx_alignas
    Feature record: CXX_FEATURE:1cxx_alignof
    Feature record: CXX_FEATURE:1cxx_attributes
    Feature record: CXX_FEATURE:0cxx_attribute_deprecated
    Feature record: CXX_FEATURE:1cxx_auto_type
    Feature record: CXX_FEATURE:0cxx_binary_literals
    Feature record: CXX_FEATURE:1cxx_constexpr
    Feature record: CXX_FEATURE:0cxx_contextual_conversions
    Feature record: CXX_FEATURE:1cxx_decltype
    Feature record: CXX_FEATURE:0cxx_decltype_auto
    Feature record: CXX_FEATURE:1cxx_decltype_incomplete_return_types
    Feature record: CXX_FEATURE:1cxx_default_function_template_args
    Feature record: CXX_FEATURE:1cxx_defaulted_functions
    Feature record: CXX_FEATURE:1cxx_defaulted_move_initializers
    Feature record: CXX_FEATURE:1cxx_delegating_constructors
    Feature record: CXX_FEATURE:1cxx_deleted_functions
    Feature record: CXX_FEATURE:0cxx_digit_separators
    Feature record: CXX_FEATURE:1cxx_enum_forward_declarations
    Feature record: CXX_FEATURE:1cxx_explicit_conversions
    Feature record: CXX_FEATURE:1cxx_extended_friend_declarations
    Feature record: CXX_FEATURE:1cxx_extern_templates
    Feature record: CXX_FEATURE:1cxx_final
    Feature record: CXX_FEATURE:1cxx_func_identifier
    Feature record: CXX_FEATURE:1cxx_generalized_initializers
    Feature record: CXX_FEATURE:0cxx_generic_lambdas
    Feature record: CXX_FEATURE:1cxx_inheriting_constructors
    Feature record: CXX_FEATURE:1cxx_inline_namespaces
    Feature record: CXX_FEATURE:1cxx_lambdas
    Feature record: CXX_FEATURE:0cxx_lambda_init_captures
    Feature record: CXX_FEATURE:1cxx_local_type_template_args
    Feature record: CXX_FEATURE:1cxx_long_long_type
    Feature record: CXX_FEATURE:1cxx_noexcept
    Feature record: CXX_FEATURE:1cxx_nonstatic_member_init
    Feature record: CXX_FEATURE:1cxx_nullptr
    Feature record: CXX_FEATURE:1cxx_override
    Feature record: CXX_FEATURE:1cxx_range_for
    Feature record: CXX_FEATURE:1cxx_raw_string_literals
    Feature record: CXX_FEATURE:1cxx_reference_qualified_functions
    Feature record: CXX_FEATURE:0cxx_relaxed_constexpr
    Feature record: CXX_FEATURE:0cxx_return_type_deduction
    Feature record: CXX_FEATURE:1cxx_right_angle_brackets
    Feature record: CXX_FEATURE:1cxx_rvalue_references
    Feature record: CXX_FEATURE:1cxx_sizeof_member
    Feature record: CXX_FEATURE:1cxx_static_assert
    Feature record: CXX_FEATURE:1cxx_strong_enums
    Feature record: CXX_FEATURE:1cxx_template_template_parameters
    Feature record: CXX_FEATURE:1cxx_thread_local
    Feature record: CXX_FEATURE:1cxx_trailing_return_types
    Feature record: CXX_FEATURE:1cxx_unicode_literals
    Feature record: CXX_FEATURE:1cxx_uniform_initialization
    Feature record: CXX_FEATURE:1cxx_unrestricted_unions
    Feature record: CXX_FEATURE:1cxx_user_literals
    Feature record: CXX_FEATURE:0cxx_variable_templates
    Feature record: CXX_FEATURE:1cxx_variadic_macros
    Feature record: CXX_FEATURE:1cxx_variadic_templates


Detecting CXX [-std=c++98] compiler features compiled with the following output:
Change Dir: /Users/tomzhang/exercises/DSA/dsacpp-src/src/vector/build/CMakeFiles/CMakeTmp

Run Build Command:"/usr/bin/make" "cmTC_17038/fast"
/Applications/Xcode.app/Contents/Developer/usr/bin/make -f CMakeFiles/cmTC_17038.dir/build.make CMakeFiles/cmTC_17038.dir/build
Building CXX object CMakeFiles/cmTC_17038.dir/feature_tests.cxx.o
/Applications/Xcode.app/Contents/Developer/Toolchains/XcodeDefault.xctoolchain/usr/bin/c++    -isysroot /Applications/Xcode.app/Contents/Developer/Platforms/MacOSX.platform/Developer/SDKs/MacOSX10.15.sdk   -std=c++98 -o CMakeFiles/cmTC_17038.dir/feature_tests.cxx.o -c /Users/tomzhang/exercises/DSA/dsacpp-src/src/vector/build/CMakeFiles/feature_tests.cxx
Linking CXX executable cmTC_17038
/usr/local/Cellar/cmake/3.8.0/bin/cmake -E cmake_link_script CMakeFiles/cmTC_17038.dir/link.txt --verbose=1
/Applications/Xcode.app/Contents/Developer/Toolchains/XcodeDefault.xctoolchain/usr/bin/c++    -isysroot /Applications/Xcode.app/Contents/Developer/Platforms/MacOSX.platform/Developer/SDKs/MacOSX10.15.sdk -Wl,-search_paths_first -Wl,-headerpad_max_install_names   CMakeFiles/cmTC_17038.dir/feature_tests.cxx.o  -o cmTC_17038 


    Feature record: CXX_FEATURE:0cxx_aggregate_default_initializers
    Feature record: CXX_FEATURE:0cxx_alias_templates
    Feature record: CXX_FEATURE:0cxx_alignas
    Feature record: CXX_FEATURE:0cxx_alignof
    Feature record: CXX_FEATURE:0cxx_attributes
    Feature record: CXX_FEATURE:0cxx_attribute_deprecated
    Feature record: CXX_FEATURE:0cxx_auto_type
    Feature record: CXX_FEATURE:0cxx_binary_literals
    Feature record: CXX_FEATURE:0cxx_constexpr
    Feature record: CXX_FEATURE:0cxx_contextual_conversions
    Feature record: CXX_FEATURE:0cxx_decltype
    Feature record: CXX_FEATURE:0cxx_decltype_auto
    Feature record: CXX_FEATURE:0cxx_decltype_incomplete_return_types
    Feature record: CXX_FEATURE:0cxx_default_function_template_args
    Feature record: CXX_FEATURE:0cxx_defaulted_functions
    Feature record: CXX_FEATURE:0cxx_defaulted_move_initializers
    Feature record: CXX_FEATURE:0cxx_delegating_constructors
    Feature record: CXX_FEATURE:0cxx_deleted_functions
    Feature record: CXX_FEATURE:0cxx_digit_separators
    Feature record: CXX_FEATURE:0cxx_enum_forward_declarations
    Feature record: CXX_FEATURE:0cxx_explicit_conversions
    Feature record: CXX_FEATURE:0cxx_extended_friend_declarations
    Feature record: CXX_FEATURE:0cxx_extern_templates
    Feature record: CXX_FEATURE:0cxx_final
    Feature record: CXX_FEATURE:0cxx_func_identifier
    Feature record: CXX_FEATURE:0cxx_generalized_initializers
    Feature record: CXX_FEATURE:0cxx_generic_lambdas
    Feature record: CXX_FEATURE:0cxx_inheriting_constructors
    Feature record: CXX_FEATURE:0cxx_inline_namespaces
    Feature record: CXX_FEATURE:0cxx_lambdas
    Feature record: CXX_FEATURE:0cxx_lambda_init_captures
    Feature record: CXX_FEATURE:0cxx_local_type_template_args
    Feature record: CXX_FEATURE:0cxx_long_long_type
    Feature record: CXX_FEATURE:0cxx_noexcept
    Feature record: CXX_FEATURE:0cxx_nonstatic_member_init
    Feature record: CXX_FEATURE:0cxx_nullptr
    Feature record: CXX_FEATURE:0cxx_override
    Feature record: CXX_FEATURE:0cxx_range_for
    Feature record: CXX_FEATURE:0cxx_raw_string_literals
    Feature record: CXX_FEATURE:0cxx_reference_qualified_functions
    Feature record: CXX_FEATURE:0cxx_relaxed_constexpr
    Feature record: CXX_FEATURE:0cxx_return_type_deduction
    Feature record: CXX_FEATURE:0cxx_right_angle_brackets
    Feature record: CXX_FEATURE:0cxx_rvalue_references
    Feature record: CXX_FEATURE:0cxx_sizeof_member
    Feature record: CXX_FEATURE:0cxx_static_assert
    Feature record: CXX_FEATURE:0cxx_strong_enums
    Feature record: CXX_FEATURE:1cxx_template_template_parameters
    Feature record: CXX_FEATURE:0cxx_thread_local
    Feature record: CXX_FEATURE:0cxx_trailing_return_types
    Feature record: CXX_FEATURE:0cxx_unicode_literals
    Feature record: CXX_FEATURE:0cxx_uniform_initialization
    Feature record: CXX_FEATURE:0cxx_unrestricted_unions
    Feature record: CXX_FEATURE:0cxx_user_literals
    Feature record: CXX_FEATURE:0cxx_variable_templates
    Feature record: CXX_FEATURE:0cxx_variadic_macros
    Feature record: CXX_FEATURE:0cxx_variadic_templates
